Info: Nothing to build for main
Info: Nothing to build for main
19:08:36 **** Incremental Build of configuration Debug for project main ****
Info: Internal Builder is used for build
gcc -O0 -g3 -Wall -c -fmessage-length=0 -o "src\\main.o" "..\\src\\main.c" 
gcc -o main.exe "src\\cliente.o" "src\\informe.o" "src\\main.o" "src\\prestamo.o" "src\\utn.o" 
19:19:44 **** Incremental Build of configuration Debug for project main ****
Info: Internal Builder is used for build
gcc -O0 -g3 -Wall -c -fmessage-length=0 -o "src\\main.o" "..\\src\\main.c" 
gcc -o main.exe "src\\cliente.o" "src\\informe.o" "src\\main.o" "src\\prestamo.o" "src\\utn.o" 
20:04:08 **** Incremental Build of configuration Debug for project main ****
Info: Internal Builder is used for build
gcc -O0 -g3 -Wall -c -fmessage-length=0 -o "src\\main.o" "..\\src\\main.c" 
gcc -o main.exe "src\\cliente.o" "src\\informe.o" "src\\main.o" "src\\prestamo.o" "src\\utn.o" 
19:13:06 **** Incremental Build of configuration Debug for project main ****
Info: Internal Builder is used for build
gcc -O0 -g3 -Wall -c -fmessage-length=0 -o "src\\informe.o" "..\\src\\informe.c" 
gcc -O0 -g3 -Wall -c -fmessage-length=0 -o "src\\main.o" "..\\src\\main.c" 
gcc -o main.exe "src\\cliente.o" "src\\informe.o" "src\\main.o" "src\\prestamo.o" "src\\utn.o" 
19:18:23 **** Incremental Build of configuration Debug for project main ****
Info: Internal Builder is used for build
gcc -O0 -g3 -Wall -c -fmessage-length=0 -o "src\\informe.o" "..\\src\\informe.c" 
gcc -o main.exe "src\\cliente.o" "src\\informe.o" "src\\main.o" "src\\prestamo.o" "src\\utn.o" 
19:26:28 **** Incremental Build of configuration Debug for project main ****
Info: Internal Builder is used for build
gcc -O0 -g3 -Wall -c -fmessage-length=0 -o "src\\main.o" "..\\src\\main.c" 
gcc -O0 -g3 -Wall -c -fmessage-length=0 -o "src\\informe.o" "..\\src\\informe.c" 
gcc -O0 -g3 -Wall -c -fmessage-length=0 -o "src\\cliente.o" "..\\src\\cliente.c" 
gcc -o main.exe "src\\cliente.o" "src\\informe.o" "src\\main.o" "src\\prestamo.o" "src\\utn.o" 
Info: Nothing to build for main
19:27:17 **** Incremental Build of configuration Debug for project main ****
Info: Internal Builder is used for build
gcc -O0 -g3 -Wall -c -fmessage-length=0 -o "src\\informe.o" "..\\src\\informe.c" 
gcc -o main.exe "src\\cliente.o" "src\\informe.o" "src\\main.o" "src\\prestamo.o" "src\\utn.o" 
Info: Nothing to build for main
19:29:05 **** Incremental Build of configuration Debug for project main ****
Info: Internal Builder is used for build
gcc -O0 -g3 -Wall -c -fmessage-length=0 -o "src\\informe.o" "..\\src\\informe.c" 
gcc -o main.exe "src\\cliente.o" "src\\informe.o" "src\\main.o" "src\\prestamo.o" "src\\utn.o" 
19:33:53 **** Incremental Build of configuration Debug for project main ****
Info: Internal Builder is used for build
gcc -O0 -g3 -Wall -c -fmessage-length=0 -o "src\\cliente.o" "..\\src\\cliente.c" 
gcc -o main.exe "src\\cliente.o" "src\\informe.o" "src\\main.o" "src\\prestamo.o" "src\\utn.o" 
c:/mingw/bin/../lib/gcc/mingw32/9.2.0/../../../../mingw32/bin/ld.exe: cannot open output file main.exe: Permission denied
collect2.exe: error: ld returned 1 exit status
19:33:58 **** Incremental Build of configuration Debug for project main ****
Info: Internal Builder is used for build
gcc -o main.exe "src\\cliente.o" "src\\informe.o" "src\\main.o" "src\\prestamo.o" "src\\utn.o" 
